<?xml version="1.0" encoding="UTF-8"?>
<!-- Generated by org.testng.reporters.JUnitXMLReporter -->
<testsuite ignored="0" hostname="DESKTOP-L1VE2OJ" failures="1" tests="1" name="WindowsTest" time="0.006" errors="0" timestamp="2022-11-10T17:23:12 IST">
  <testcase classname="testScenarios.TestNGTodo" name="lambdaTest" time="0.001">
    <failure type="java.lang.NullPointerException" message="Cannot invoke &amp;quot;org.openqa.selenium.remote.RemoteWebDriver.navigate()&amp;quot; because &amp;quot;testScenarios.TestNGTodo.driver&amp;quot; is null">
      <![CDATA[java.lang.NullPointerException: Cannot invoke "org.openqa.selenium.remote.RemoteWebDriver.navigate()" because "testScenarios.TestNGTodo.driver" is null
at testScenarios.TestNGTodo.lambdaTest(TestNGTodo.java:105)
at java.base/java.util.concurrent.ThreadPoolExecutor.runWorker(ThreadPoolExecutor.java:1136)
at java.base/java.util.concurrent.ThreadPoolExecutor$Worker.run(ThreadPoolExecutor.java:635)
at java.base/java.lang.Thread.run(Thread.java:833)
... Removed 12 stack frames]]>
    </failure>
  </testcase> <!-- lambdaTest -->
</testsuite> <!-- WindowsTest -->
